2023-11-06T11:52:01.700Z [info]: PUT /api/week
2023-11-06T11:52:27.929Z [info]: PUT /api/week
2023-11-06T11:54:15.047Z [info]: PUT /api/week
2023-11-06T11:54:30.384Z [info]: PUT /api/week
2023-11-06T12:01:09.538Z [info]: PUT /api/week
2023-11-06T12:15:59.006Z [info]: PUT /api/week
2023-11-06T12:16:59.960Z [info]: PUT /api/week
2023-11-06T12:26:33.256Z [info]: PUT /api/week
2023-11-06T12:27:03.640Z [info]: PUT /api/week
2023-11-06T12:27:11.715Z [info]: PUT /api/week
2023-11-06T12:30:09.028Z [info]: PUT /api/week
2023-11-06T12:30:30.851Z [info]: PUT /api/week
2023-11-06T12:30:40.861Z [info]: PUT /api/week
2023-11-06T12:30:45.948Z [info]: POST /api/login
2023-11-06T12:31:07.024Z [info]: GET /api/week
2023-11-06T12:31:15.026Z [info]: PUT /api/week
2023-11-06T12:42:33.686Z [info]: PUT /api/week
18:25:33 [info]: PUT /api/week
undefined [info]: PUT /api/week
6/11/2023, 6:32:19 pm [info]: PUT /api/week
2023-11-06T13:09:16.477Z [info]: PUT /api/week
2023-11-07T03:46:49.603Z [info]: POST /api/login
2023-11-07T03:47:09.919Z [info]: PUT /api/week
2023-11-07T03:49:05.586Z [info]: PUT /api/week
2023-11-07T03:54:06.293Z [info]: GET /api/rough-pad
2023-11-07T06:04:58.321Z [info]: POST /api/login
2023-11-07T06:05:20.071Z [info]: PUT /api/week
2023-11-07T06:05:35.085Z [info]: GET /api/v1/week
2023-11-07T06:06:01.697Z [info]: PUT /api/v1/week
2023-11-07T06:06:07.142Z [info]: GET /api/v1/week
2023-11-07T06:07:01.498Z [info]: GET /api/rough-pad
2023-11-07T06:07:08.581Z [info]: GET /api/v1/rough-pad
2023-11-07T06:07:29.839Z [info]: PUT /api/rough-pad
2023-11-07T06:07:51.776Z [info]: PUT /api/v1/rough-pad
2023-11-07T06:07:55.847Z [info]: GET /api/v1/rough-pad
2023-11-07T06:08:28.777Z [info]: GET /api/notification
2023-11-07T06:08:32.297Z [info]: PUT /api/notification
2023-11-07T06:08:37.785Z [info]: GET /api/v1/notification
2023-11-07T06:09:00.905Z [info]: PUT /api/v1/notification
2023-11-07T06:09:05.212Z [info]: GET /api/v1/notification
2023-11-07T06:10:00.574Z [info]: GET /api/exercises
2023-11-07T06:10:04.949Z [info]: GET /api/v1/exercises
2023-11-07T06:10:08.408Z [info]: POST /api/exercises
2023-11-07T06:10:12.941Z [info]: POST /api/v1/exercises
2023-11-07T06:10:25.516Z [info]: DELETE /api/v1/exercises/654852ad16d89f4fa217d92a
2023-11-07T06:10:55.591Z [info]: POST /api/v1/exercises
2023-11-07T06:11:02.085Z [info]: GET /api/v1/exercises
2023-11-07T06:11:13.573Z [info]: DELETE /api/v1/exercises/6549d4ef73321c772b9e7d17
2023-11-07T06:11:17.946Z [info]: GET /api/v1/exercises
2023-11-07T06:12:08.213Z [info]: POST /api/register
2023-11-07T06:12:21.742Z [info]: POST /api/login
2023-11-07T06:12:26.363Z [info]: GET /api/current
2023-11-07T06:12:33.447Z [info]: POST /api/v1/register
2023-11-07T06:12:38.818Z [info]: POST /api/v1/login
2023-11-07T06:12:51.313Z [info]: GET /api/current
2023-11-07T06:12:54.169Z [info]: GET /api/v1/current
2023-11-07T06:13:10.715Z [info]: GET /api/v1/exercises
2023-11-07T06:24:27.144Z [info]: GET /api/v1/week
2023-11-07T06:24:30.753Z [info]: GET /api/v2/week
2023-11-07T06:24:36.096Z [info]: GET /api/v22/week
2023-11-07T06:24:37.646Z [info]: GET /api/v2/week
2023-11-07T06:24:45.248Z [info]: GET /api/v2/exercise
2023-11-07T06:24:48.500Z [info]: GET /api/v2/exercises
2023-11-07T06:50:01.768Z [info]: GET /api/v2/exercises
2023-11-07T06:50:07.835Z [info]: GET /api/v1/exercises
2023-11-07T06:51:53.860Z [info]: GET /api/current
2023-11-07T06:52:01.812Z [info]: POST /api/login
2023-11-07T06:52:23.785Z [info]: GET /api/v1/current
2023-11-07T06:53:25.823Z [info]: GET /api/v1/current
2023-11-07T06:53:32.356Z [info]: GET /api/current
2023-11-07T06:54:43.169Z [info]: GET /api/current
2023-11-07T06:55:07.671Z [info]: POST /api/register
2023-11-07T06:55:21.092Z [info]: POST /api//v1/register
2023-11-07T06:56:10.576Z [info]: GET /api/v1/week
2023-11-07T06:56:12.707Z [info]: GET /api/v1/week
2023-11-07T06:56:17.372Z [info]: GET /api/week
2023-11-07T06:56:20.916Z [info]: GET /api/v1/week
2023-11-07T06:57:36.570Z [info]: POST /api//v1/register
2023-11-07T06:57:39.697Z [info]: POST /api/v1/register
2023-11-07T06:57:44.141Z [info]: POST /api/v1/login
2023-11-07T06:57:57.936Z [info]: GET /api/v1/current
2023-11-07T06:58:32.579Z [info]: GET /api/v1/exercises
2023-11-07T06:58:47.387Z [info]: DELETE /api/v1/exercises/6549d4ef73321c772b9e7d16
2023-11-07T06:58:51.060Z [info]: GET /api/v1/exercises
2023-11-07T07:01:34.314Z [info]: GET /api/v2/exercises
2023-11-07T07:01:57.081Z [info]: GET /api/v2/exercises
2023-11-07T07:02:11.593Z [info]: GET /api/v2/week
2023-11-07T07:03:01.800Z [info]: GET /api/v2//v2/week
2023-11-07T07:03:06.426Z [info]: GET /api/v2/v2/week
2023-11-07T07:03:10.634Z [info]: GET /api/v2/week
2023-11-07T07:07:46.396Z [info]: POST /api/v1/login
2023-11-07T07:08:06.224Z [info]: POST /api/v1/login
2023-11-07T07:10:14.664Z [info]: GET /api/v2/weel
2023-11-07T07:10:15.918Z [info]: GET /api/v2/weel
2023-11-07T07:10:17.876Z [info]: GET /api/v2/week
2023-11-07T07:10:34.031Z [info]: GET /api/v/week1
2023-11-07T07:10:39.524Z [info]: GET /api/v1/week
2023-11-07T07:10:42.921Z [info]: GET /api/v2/week
2023-11-07T07:11:13.902Z [info]: GET /api/v2/week
2023-11-07T07:11:32.326Z [info]: GET /api/v2/week
2023-11-07T07:11:43.886Z [info]: GET /api/v2/exercises
2023-11-07T08:03:06.938Z [info]: POST /api/v1/login
2023-11-07T08:03:25.096Z [info]: GET /api/v1/week
2023-11-07T08:03:41.692Z [info]: PUT /api/v1/week
2023-11-07T08:04:27.798Z [info]: PUT /api/v1/week
2023-11-07T08:04:35.344Z [info]: GET /api/v1/week
2023-11-07T08:20:03.552Z [info]: GET /api/v1/week
2023-11-07T08:20:08.495Z [info]: GET /api/v1/week
2023-11-07T08:20:22.718Z [info]: GET /api/v1/week
2023-11-07T08:20:26.089Z [info]: PUT /api/v1/week
2023-11-07T08:21:02.421Z [info]: PUT /api/v1/week
2023-11-07T08:21:09.311Z [info]: GET /api/v1/week
2023-11-07T08:21:28.692Z [info]: PUT /api/v1/week
2023-11-07T08:21:36.071Z [info]: GET /api/v1/week
2023-11-07T08:30:35.331Z [info]: GET /api/v1/week
2023-11-07T08:31:32.050Z [info]: PUT /api/v1/week
2023-11-07T08:31:38.761Z [info]: GET /api/v1/week
2023-11-07T08:31:42.923Z [info]: GET /api/v1/week
2023-11-07T08:31:46.512Z [info]: GET /api/v1/week
2023-11-07T08:31:52.648Z [info]: GET /api/v1/week
2023-11-07T08:32:46.466Z [info]: PUT /api/v1/week
2023-11-07T08:32:53.602Z [info]: GET /api/v1/week
2023-11-07T08:42:16.695Z [info]: PUT /api/v1/week
2023-11-07T08:42:24.307Z [info]: GET /api/v1/week
2023-11-07T08:42:28.475Z [info]: GET /api/v1/week
2023-11-07T08:42:34.075Z [info]: PUT /api/v1/week
2023-11-07T08:42:52.790Z [info]: PUT /api/v1/week
2023-11-07T08:42:59.823Z [info]: GET /api/v1/week
2023-11-07T08:43:53.235Z [info]: PUT /api/v1/week
2023-11-07T08:44:01.737Z [info]: GET /api/v1/week
2023-11-07T08:49:00.758Z [info]: PUT /api/v1/week
2023-11-07T08:49:07.990Z [info]: GET /api/v1/week
2023-11-07T08:51:10.442Z [info]: GET /api/v1/week
2023-11-07T08:51:15.794Z [info]: PUT /api/v1/week
2023-11-07T08:51:23.562Z [info]: GET /api/v1/week
2023-11-07T08:51:45.157Z [info]: GET /api/v1/week
2023-11-07T08:52:24.175Z [info]: GET /api/v1/week
2023-11-07T08:52:32.038Z [info]: PUT /api/v1/week
2023-11-07T08:52:39.130Z [info]: GET /api/v1/week
2023-11-07T08:53:32.509Z [info]: GET /api/v1/week
2023-11-07T08:53:37.851Z [info]: PUT /api/v1/week
2023-11-07T08:53:44.072Z [info]: GET /api/v1/week
2023-11-07T08:53:52.741Z [info]: PUT /api/v1/week
2023-11-07T08:53:58.582Z [info]: GET /api/v1/week
2023-11-07T08:54:02.819Z [info]: GET /api/v1/week
2023-11-07T08:54:10.244Z [info]: PUT /api/v1/week
2023-11-07T08:54:17.393Z [info]: GET /api/v1/week
2023-11-07T08:55:18.861Z [info]: GET /api/v1/week
2023-11-07T08:55:24.071Z [info]: PUT /api/v1/week
2023-11-07T08:55:29.673Z [info]: GET /api/v1/week
2023-11-07T08:55:40.870Z [info]: PUT /api/v1/week
2023-11-07T08:55:47.460Z [info]: GET /api/v1/week
2023-11-07T09:04:25.923Z [info]: PUT /api/v1/week
2023-11-07T09:04:33.119Z [info]: POST /api/v1/login
2023-11-07T09:05:11.241Z [info]: PUT /api/v1/week
2023-11-07T09:05:22.252Z [info]: GET /api/v1/week
2023-11-07T09:17:09.836Z [info]: PUT /api/v1/week
2023-11-07T09:17:17.323Z [info]: GET /api/v1/week
2023-11-07T09:18:31.128Z [info]: GET /api/v1/week
2023-11-07T09:18:42.623Z [info]: PUT /api/v1/week
2023-11-07T09:18:53.234Z [info]: GET /api/v1/week
2023-11-07T09:23:04.062Z [info]: PUT /api/v1/week
2023-11-07T09:23:11.950Z [info]: GET /api/v1/week
2023-11-07T09:25:15.230Z [info]: POST /api/v1/register
2023-11-07T09:25:28.354Z [info]: POST /api/v1/login
2023-11-07T09:26:55.675Z [info]: PUT /api/v1/week
2023-11-07T09:27:50.972Z [info]: PUT /api/v1/week
2023-11-07T09:28:32.371Z [info]: PUT /api/v1/week
2023-11-07T09:28:40.715Z [info]: GET /api/v1/week
2023-11-07T09:29:03.025Z [info]: PUT /api/v1/week
2023-11-07T09:29:07.745Z [info]: GET /api/v1/week
2023-11-07T09:35:44.644Z [info]: PUT /api/v1/week
2023-11-07T09:35:52.646Z [info]: PUT /api/v1/week
2023-11-07T09:38:23.269Z [info]: PUT /api/v1/week
2023-11-07T09:38:34.704Z [info]: PUT /api/v1/week
2023-11-07T09:38:50.852Z [info]: PUT /api/v1/week
2023-11-07T09:39:26.879Z [info]: PUT /api/v1/week
2023-11-07T09:39:38.135Z [info]: GET /api/v1/week
2023-11-07T09:39:53.693Z [info]: GET /api/v1/week
2023-11-07T09:40:02.039Z [info]: PUT /api/v1/week
2023-11-07T09:40:20.387Z [info]: GET /api/v1/week
2023-11-07T09:40:50.301Z [info]: PUT /api/v1/week
2023-11-07T09:41:03.721Z [info]: PUT /api/v1/week
2023-11-07T09:41:14.614Z [info]: PUT /api/v1/week
2023-11-07T09:42:08.514Z [info]: PUT /api/v1/week
2023-11-07T09:42:12.429Z [info]: GET /api/v1/week
2023-11-07T09:42:34.241Z [info]: PUT /api/v1/week
2023-11-07T09:42:55.420Z [info]: PUT /api/v1/week
2023-11-07T09:43:07.484Z [info]: PUT /api/v1/week
2023-11-07T09:43:10.875Z [info]: GET /api/v1/week
2023-11-07T09:48:26.698Z [info]: PUT /api/v1/week
2023-11-07T09:48:30.229Z [info]: GET /api/v1/week
2023-11-07T09:49:30.218Z [info]: GET /api/v1/week
2023-11-07T09:49:39.977Z [info]: PUT /api/v1/week
2023-11-07T09:49:43.880Z [info]: GET /api/v1/week
2023-11-07T09:52:07.841Z [info]: PUT /api/v1/week
2023-11-07T09:52:14.008Z [info]: GET /api/v1/week
2023-11-07T09:55:48.788Z [info]: PUT /api/v1/week
2023-11-07T09:55:54.335Z [info]: GET /api/v1/week
2023-11-07T09:56:21.033Z [info]: PUT /api/v1/week
2023-11-07T09:56:26.606Z [info]: GET /api/v1/week
2023-11-07T09:57:10.302Z [info]: PUT /api/v1/week
2023-11-07T09:57:16.225Z [info]: GET /api/v1/week
2023-11-07T10:00:55.649Z [info]: GET /api/v1/week
2023-11-07T10:01:01.354Z [info]: PUT /api/v1/week
2023-11-07T10:01:07.888Z [info]: GET /api/v1/week
2023-11-07T10:01:30.441Z [info]: GET /api/v1/week
2023-11-07T10:02:39.619Z [info]: GET /api/v1/week
2023-11-07T10:03:12.392Z [info]: PUT /api/v1/week
2023-11-07T10:03:17.523Z [info]: GET /api/v1/week
2023-11-07T10:05:47.664Z [info]: PUT /api/v1/week
2023-11-07T10:05:56.754Z [info]: GET /api/v1/week
2023-11-07T10:08:24.278Z [info]: GET /api/v1/week
2023-11-07T10:08:29.770Z [info]: PUT /api/v1/week
2023-11-07T10:08:40.135Z [info]: GET /api/v1/week
2023-11-07T10:13:42.465Z [info]: PUT /api/v1/week
2023-11-07T10:13:47.454Z [info]: GET /api/v1/week
2023-11-07T10:13:55.162Z [info]: PUT /api/v1/week
2023-11-07T10:14:00.091Z [info]: GET /api/v1/week
2023-11-07T10:16:15.805Z [info]: PUT /api/v1/week
2023-11-07T10:16:21.092Z [info]: GET /api/v1/week
2023-11-07T10:16:28.960Z [info]: PUT /api/v1/week
2023-11-07T10:16:33.877Z [info]: GET /api/v1/week
2023-11-07T10:16:40.213Z [info]: PUT /api/v1/week
2023-11-07T10:16:44.803Z [info]: GET /api/v1/week
2023-11-07T10:23:56.268Z [info]: GET /api/v1/week
2023-11-07T10:24:24.387Z [info]: GET /api/v1/week
2023-11-07T10:25:55.487Z [info]: PUT /api/v1/week
2023-11-07T10:26:00.357Z [info]: POST /api/v1/login
2023-11-07T10:26:20.749Z [info]: PUT /api/v1/week
2023-11-07T10:26:24.742Z [info]: GET /api/v1/week
2023-11-07T10:34:28.958Z [info]: PUT /api/v1/week
2023-11-07T10:34:32.917Z [info]: GET /api/v1/week
2023-11-07T10:36:17.908Z [info]: PUT /api/v1/week
2023-11-07T10:36:23.073Z [info]: GET /api/v1/week
2023-11-07T10:36:33.918Z [info]: PUT /api/v1/week
2023-11-07T10:36:41.703Z [info]: GET /api/v1/week
2023-11-07T10:37:30.411Z [info]: PUT /api/v1/week
2023-11-07T10:37:39.383Z [info]: GET /api/v1/week
2023-11-07T10:41:16.731Z [info]: PUT /api/v1/week
2023-11-07T10:41:22.346Z [info]: GET /api/v1/week
2023-11-07T10:41:31.894Z [info]: GET /api/v1/week
2023-11-07T10:44:25.334Z [info]: GET /api/v1/week
2023-11-07T10:44:28.695Z [info]: PUT /api/v1/week
2023-11-07T10:44:34.087Z [info]: GET /api/v1/week
2023-11-07T10:44:44.689Z [info]: PUT /api/v1/week
2023-11-07T10:44:50.456Z [info]: GET /api/v1/week
2023-11-07T10:46:44.665Z [info]: PUT /api/v1/week
2023-11-07T10:46:50.280Z [info]: GET /api/v1/week
2023-11-07T10:46:55.167Z [info]: PUT /api/v1/week
2023-11-07T10:46:59.232Z [info]: GET /api/v1/week
2023-11-07T10:48:39.247Z [info]: GET /api/v1/week
2023-11-07T10:48:46.576Z [info]: PUT /api/v1/week
2023-11-07T10:48:53.064Z [info]: GET /api/v1/week
2023-11-07T10:51:24.609Z [info]: PUT /api/v1/week
2023-11-07T10:51:29.352Z [info]: GET /api/v1/week
2023-11-07T10:53:09.373Z [info]: PUT /api/v1/week
2023-11-07T10:53:16.521Z [info]: GET /api/v1/week
2023-11-07T11:01:04.877Z [info]: GET /api/v1/week
2023-11-07T11:01:09.798Z [info]: PUT /api/v1/week
2023-11-07T11:01:14.931Z [info]: GET /api/v1/week
2023-11-07T11:04:59.287Z [info]: PUT /api/v1/week
2023-11-07T11:05:04.015Z [info]: GET /api/v1/week
2023-11-07T11:10:20.148Z [info]: PUT /api/v1/week
2023-11-07T11:11:39.555Z [info]: PUT /api/v1/week
2023-11-07T11:11:45.989Z [info]: GET /api/v1/week
2023-11-07T11:11:54.872Z [info]: PUT /api/v1/week
2023-11-07T11:12:02.182Z [info]: GET /api/v1/week
2023-11-07T11:20:08.005Z [info]: GET /api/v1/week
2023-11-07T11:20:13.598Z [info]: PUT /api/v1/week
2023-11-07T11:20:18.806Z [info]: GET /api/v1/week
2023-11-07T11:26:28.675Z [info]: PUT /api/v1/week
2023-11-07T11:26:33.380Z [info]: POST /api/v1/login
2023-11-07T11:26:54.233Z [info]: PUT /api/v1/week
2023-11-07T11:27:00.096Z [info]: GET /api/v1/week
2023-11-07T11:27:46.196Z [info]: PUT /api/v1/week
2023-11-07T11:27:51.025Z [info]: GET /api/v1/week
2023-11-07T11:27:58.840Z [info]: PUT /api/v1/week
2023-11-07T11:28:05.699Z [info]: PUT /api/v1/week
2023-11-07T11:28:13.787Z [info]: PUT /api/v1/week
2023-11-07T11:28:32.334Z [info]: PUT /api/v1/week
2023-11-07T11:28:41.855Z [info]: PUT /api/v1/week
2023-11-08T04:48:24.027Z [info]: POST /api/v1/login
2023-11-08T04:48:44.637Z [info]: GET /api/v1/current
2023-11-08T04:48:52.770Z [info]: GET /api/v1/week
2023-11-08T04:51:20.241Z [info]: PUT /api/v1/week
2023-11-08T04:51:25.831Z [info]: GET /api/v1/week
2023-11-08T04:56:25.395Z [info]: PUT /api/v1/week
2023-11-08T04:56:30.157Z [info]: PUT /api/v1/week
2023-11-08T04:57:11.427Z [info]: POST /api/v1/exercises
2023-11-08T04:57:21.243Z [info]: GET /api/v1/exercises
2023-11-08T04:57:30.902Z [info]: POST /api/v1/exercises
2023-11-08T05:02:26.590Z [info]: POST /api/v1/exercises
2023-11-08T05:04:36.351Z [info]: POST /api/v1/exercises
2023-11-08T05:04:56.758Z [info]: POST /api/v1/exercises
2023-11-08T05:05:03.686Z [info]: GET /api/v1/exercises
2023-11-08T09:14:42.604Z [info]: POST /api/v1/login
2023-11-08T09:15:09.058Z [info]: POST /api/v1/register
2023-11-08T09:15:16.602Z [info]: POST /api/v1/login
2023-11-08T09:15:27.350Z [info]: GET /api/v1/current
2023-11-08T09:15:37.697Z [info]: GET /api/v1/week
2023-11-08T09:16:06.058Z [info]: PUT /api/v1/week
2023-11-08T09:16:22.476Z [info]: PUT /api/v1/week
2023-11-08T09:16:27.682Z [info]: GET /api/v1/week
2023-11-08T09:16:54.088Z [info]: PUT /api/v1/week
2023-11-08T09:16:58.866Z [info]: GET /api/v1/week
2023-11-08T09:17:27.369Z [info]: GET /api/v1/week
2023-11-08T09:17:38.119Z [info]: PUT /api/v1/week
2023-11-08T09:18:18.133Z [info]: GET /api/v1/week
2023-11-08T09:20:56.183Z [info]: GET /api/v1/exercises
2023-11-08T09:21:10.255Z [info]: POST /api/v1/exercises
2023-11-08T09:21:16.849Z [info]: POST /api/v1/exercises
2023-11-08T09:22:53.832Z [info]: PUT /api/v1/week
2023-11-08T09:22:59.053Z [info]: GET /api/v1/week
2023-11-08T09:23:08.442Z [info]: PUT /api/v1/week
2023-11-08T09:23:13.549Z [info]: GET /api/v1/week
2023-11-08T09:24:51.281Z [info]: GET /api/v1/week
2023-11-08T09:25:50.542Z [info]: PUT /api/v1/week
2023-11-08T09:25:55.190Z [info]: GET /api/v1/week
2023-11-08T09:26:00.211Z [info]: GET /api/v1/week
2023-11-08T09:26:05.213Z [info]: PUT /api/v1/week
2023-11-08T09:26:10.621Z [info]: GET /api/v1/week
2023-11-08T09:26:53.053Z [info]: GET /api/v1/week
2023-11-08T09:30:16.717Z [info]: PUT /api/v1/week
2023-11-08T09:30:21.014Z [info]: GET /api/v1/week
2023-11-08T09:30:24.971Z [info]: GET /api/v1/week
2023-11-08T09:30:30.364Z [info]: PUT /api/v1/week
2023-11-08T09:30:34.067Z [info]: GET /api/v1/week
2023-11-08T09:31:59.136Z [info]: PUT /api/v1/week
2023-11-08T09:32:02.469Z [info]: GET /api/v1/week
2023-11-08T09:33:04.030Z [info]: PUT /api/v1/week
2023-11-08T09:33:10.484Z [info]: GET /api/v1/week
2023-11-08T09:35:27.330Z [info]: PUT /api/v1/week
2023-11-08T09:35:31.826Z [info]: GET /api/v1/week
2023-11-08T09:42:43.402Z [info]: GET /api/v1/week
2023-11-08T09:43:03.268Z [info]: PUT /api/v1/week
2023-11-08T09:43:06.805Z [info]: GET /api/v1/week
2023-11-08T09:43:53.495Z [info]: PUT /api/v1/week
2023-11-08T09:43:59.288Z [info]: GET /api/v1/week
2023-11-08T09:45:50.943Z [info]: GET /api/v1/week
2023-11-08T09:46:05.625Z [info]: PUT /api/v1/week
2023-11-08T09:46:11.228Z [info]: GET /api/v1/week
2023-11-08T09:49:19.648Z [info]: PUT /api/v1/week
2023-11-08T09:49:29.755Z [info]: GET /api/v1/week
2023-11-08T09:50:17.897Z [info]: PUT /api/v1/week
2023-11-08T09:50:25.236Z [info]: GET /api/v1/week
2023-11-08T09:52:14.316Z [info]: PUT /api/v1/week
2023-11-08T09:52:22.228Z [info]: GET /api/v1/week
2023-11-08T09:55:20.955Z [info]: PUT /api/v1/week
2023-11-08T09:55:28.886Z [info]: GET /api/v1/week
2023-11-08T09:56:18.951Z [info]: PUT /api/v1/week
2023-11-08T09:56:25.600Z [info]: GET /api/v1/week
2023-11-08T10:01:45.772Z [info]: GET /api/v1/week
2023-11-08T10:04:54.944Z [info]: PUT /api/v1/week
2023-11-08T10:05:01.211Z [info]: GET /api/v1/week
2023-11-08T10:06:44.885Z [info]: POST /api/v1/register
2023-11-08T10:06:50.858Z [info]: POST /api/v1/login
2023-11-08T10:07:30.074Z [info]: GET /api/v1/week
2023-11-08T10:07:39.342Z [info]: PUT /api/v1/week
2023-11-08T10:07:43.245Z [info]: GET /api/v1/week
2023-11-08T10:08:23.683Z [info]: PUT /api/v1/week
2023-11-08T10:08:27.975Z [info]: GET /api/v1/week
2023-11-08T10:09:14.084Z [info]: GET /api/v1/week
2023-11-08T10:09:17.467Z [info]: PUT /api/v1/week
2023-11-08T10:09:22.340Z [info]: GET /api/v1/week
2023-11-08T10:09:35.885Z [info]: PUT /api/v1/week
2023-11-08T10:09:40.638Z [info]: GET /api/v1/week
2023-11-08T10:09:59.901Z [info]: PUT /api/v1/week
2023-11-08T10:10:05.457Z [info]: GET /api/v1/week
2023-11-08T10:10:12.145Z [info]: PUT /api/v1/week
2023-11-08T10:10:15.917Z [info]: GET /api/v1/week
2023-11-08T10:10:42.071Z [info]: PUT /api/v1/week
2023-11-08T10:10:45.119Z [info]: GET /api/v1/week
2023-11-08T10:11:41.138Z [info]: PUT /api/v1/week
2023-11-08T10:12:21.812Z [info]: PUT /api/v1/week
2023-11-08T10:13:26.695Z [info]: PUT /api/v1/week
2023-11-08T10:14:03.291Z [info]: PUT /api/v1/week
2023-11-08T10:14:07.406Z [info]: GET /api/v1/week
2023-11-08T10:14:58.795Z [info]: PUT /api/v1/week
2023-11-08T10:15:41.021Z [info]: PUT /api/v1/week
2023-11-08T10:15:50.461Z [info]: PUT /api/v1/week
2023-11-08T10:16:04.789Z [info]: PUT /api/v1/week
2023-11-08T10:16:10.463Z [info]: GET /api/v1/week
2023-11-08T10:21:09.066Z [info]: PUT /api/v1/week
2023-11-08T10:21:14.762Z [info]: GET /api/v1/week
2023-11-08T10:21:46.263Z [info]: PUT /api/v1/week
2023-11-08T10:21:52.641Z [info]: GET /api/v1/week
2023-11-08T10:25:47.783Z [info]: POST /api/v1/register
2023-11-08T10:25:55.158Z [info]: POST /api/v1/login
2023-11-08T10:26:17.852Z [info]: PUT /api/v1/week
2023-11-08T10:26:24.061Z [info]: GET /api/v1/week
2023-11-08T10:26:47.098Z [info]: PUT /api/v1/week
2023-11-08T10:26:52.077Z [info]: GET /api/v1/week
2023-11-08T10:27:09.345Z [info]: PUT /api/v1/week
2023-11-08T10:30:21.558Z [info]: GET /api/v1/week
2023-11-08T10:32:28.992Z [info]: PUT /api/v1/week
2023-11-08T10:32:35.464Z [info]: GET /api/v1/week
2023-11-08T10:33:24.764Z [info]: PUT /api/v1/week
2023-11-08T10:33:29.039Z [info]: GET /api/v1/week
2023-11-08T10:44:56.799Z [info]: PUT /api/v1/week
2023-11-08T10:45:07.177Z [info]: GET /api/v1/week
2023-11-08T10:45:47.436Z [info]: POST /api/v1/register
2023-11-08T10:45:55.053Z [info]: POST /api/v1/login
2023-11-08T10:46:16.322Z [info]: GET /api/v1/week
2023-11-08T10:47:11.930Z [info]: PUT /api/v1/week
2023-11-08T10:47:20.732Z [info]: GET /api/v1/week
2023-11-08T10:53:50.006Z [info]: PUT /api/v1/week
2023-11-08T10:54:48.545Z [info]: PUT /api/v1/week
2023-11-08T10:54:54.956Z [info]: GET /api/v1/week
2023-11-08T11:01:53.829Z [info]: POST /api/v1/register
2023-11-08T11:02:03.471Z [info]: POST /api/v1/login
2023-11-08T11:02:08.747Z [info]: POST /api/v1/login
2023-11-08T11:05:03.598Z [info]: PUT /api/v1/week
2023-11-08T11:05:09.158Z [info]: GET /api/v1/week
2023-11-08T11:10:16.221Z [info]: PUT /api/v1/week
2023-11-08T11:10:37.445Z [info]: GET /api/v1/week
2023-11-08T11:10:46.037Z [info]: PUT /api/v1/week
2023-11-08T11:10:53.261Z [info]: GET /api/v1/week
2023-11-08T11:11:31.902Z [info]: GET /api/v1/week
2023-11-08T11:13:29.529Z [info]: PUT /api/v1/week
2023-11-08T11:13:37.567Z [info]: GET /api/v1/week
2023-11-08T11:14:00.846Z [info]: GET /api/v1/week
2023-11-08T11:14:07.679Z [info]: PUT /api/v1/week
2023-11-08T11:14:13.298Z [info]: GET /api/v1/week
2023-11-08T11:16:33.692Z [info]: GET /api/v1/week
2023-11-08T11:16:39.515Z [info]: PUT /api/v1/week
2023-11-08T11:16:47.710Z [info]: GET /api/v1/week
2023-11-08T11:19:43.323Z [info]: PUT /api/v1/week
2023-11-08T11:20:05.346Z [info]: PUT /api/v1/week
2023-11-08T11:20:12.390Z [info]: GET /api/v1/week
2023-11-08T11:21:05.729Z [info]: PUT /api/v1/week
2023-11-08T11:21:06.106Z [info]: PUT /api/v1/week
2023-11-08T11:21:07.547Z [info]: PUT /api/v1/week
2023-11-08T11:21:11.207Z [info]: GET /api/v1/week
2023-11-08T11:22:18.100Z [info]: PUT /api/v1/week
2023-11-08T11:22:28.003Z [info]: PUT /api/v1/week
2023-11-08T11:22:33.122Z [info]: GET /api/v1/week
2023-11-08T11:24:09.826Z [info]: PUT /api/v1/week
2023-11-08T11:24:26.091Z [info]: GET /api/v1/week
2023-11-08T11:27:29.624Z [info]: PUT /api/v1/week
2023-11-08T11:35:35.207Z [info]: PUT /api/v1/week
2023-11-08T11:37:14.341Z [info]: PUT /api/v1/week
2023-11-08T11:37:47.194Z [info]: PUT /api/v1/week
2023-11-08T11:38:18.781Z [info]: PUT /api/v1/week
2023-11-08T11:38:33.481Z [info]: GET /api/v1/week
2023-11-08T11:47:51.393Z [info]: POST /api/v1/register
2023-11-08T11:47:56.886Z [info]: POST /api/v1/login
2023-11-08T11:48:18.598Z [info]: GET /api/v1/week
2023-11-08T11:49:02.205Z [info]: PUT /api/v1/week
2023-11-08T11:49:08.526Z [info]: GET /api/v1/week
